 1.266840     [deadlock],rank:0 info         exahype::runners::Runner::createRepository(...)         coarsest mesh size was chosen as 2800 based on user's maximum mesh size 3000 and length of longest edge of domain 70000
 1.266901     [deadlock],rank:0 info         exahype::runners::Runner::createRepository(...)         summary: create computational domain at [-35000,-35000] of width/size [70000,70000]. bounding box has offset [-37800,-37800] and size 75600. grid regular up to level 4 (1 means a single cell)
 1.395800     [deadlock],rank:0 info         peano::utils::UserInterface::writeHeader()             
 1.395836     [deadlock],rank:0 info         peano::utils::UserInterface::writeHeader()              Application based upon the PDE framework Peano - 3rd Generation
 1.395866     [deadlock],rank:0 info         peano::utils::UserInterface::writeHeader()              revision: 2626
 1.395888     [deadlock],rank:0 info         peano::utils::UserInterface::writeHeader()              build: dim=2
 1.395907     [deadlock],rank:0 info         peano::utils::UserInterface::writeHeader()              optimisations: d-loop persistent-attributes opt-static-subtrees recursion-unrolling 
 1.395926     [deadlock],rank:0 info         peano::utils::UserInterface::writeHeader()              (C) 2005 - 2018   www.peano-framework.org
 1.395946     [deadlock],rank:0 info         peano::utils::UserInterface::writeHeader()              processes: 10, threads: 1 (per process)
 1.396059     [deadlock],rank:0 info         exahype::runners::Runner::runAsMaster(...)              start building up uniform base mesh
 1.396144     [deadlock],rank:0 info         exahype::repositories::RepositorySTDStack::iterate(...) start iteration on global master (includes time spent in broadcast).
 1.396240     [deadlock],rank:0 info         exahype::mappings::LoadBalancing::beginIteration(..)    last level to uniformly populate with MPI ranks is 2
 1.397814     [deadlock],rank:0 info         exahype::repositories::RepositorySTDStack::iterate(...) finish iteration on global master (includes time spent performing reduction).
 1.397923     [deadlock],rank:0 info         exahype::repositories::RepositorySTDStack::iterate(...) local vertices on global master=90
 1.397978     [deadlock],rank:0 info         exahype::repositories::RepositorySTDStack::iterate(...) local cells on global master   =68
 1.398116     [deadlock],rank:0 info         exahype::State::continueToConstructGrid(...)            grid construction not yet finished. grid balanced=0, grid stationary=0, initial refinement=1, stable iterations in a row=0, all solvers attained stable state=0, max level=2
 1.398174     [deadlock],rank:0 info         exahype::runners::Runner::createGrid()                  grid setup iteration #1, max-level=2, idle-nodes=8, vertical solver communication=0, continue to construct grid=1
 1.398243     [deadlock],rank:0 info         exahype::repositories::RepositorySTDStack::iterate(...) start iteration on global master (includes time spent in broadcast).
 1.398308     [deadlock],rank:0 info         exahype::mappings::LoadBalancing::beginIteration(..)    last level to uniformly populate with MPI ranks is 2
 1.409279     [deadlock],rank:0 info         exahype::repositories::RepositorySTDStack::iterate(...) finish iteration on global master (includes time spent performing reduction).
 1.409349     [deadlock],rank:0 info         exahype::repositories::RepositorySTDStack::iterate(...) local vertices on global master=171
 1.409374     [deadlock],rank:0 info         exahype::repositories::RepositorySTDStack::iterate(...) local cells on global master   =132
 1.409470     [deadlock],rank:0 info         exahype::State::continueToConstructGrid(...)            grid construction not yet finished. grid balanced=0, grid stationary=0, initial refinement=1, stable iterations in a row=0, all solvers attained stable state=0, max level=0
 1.409501     [deadlock],rank:0 info         exahype::runners::Runner::createGrid()                  grid setup iteration #2, max-level=0, idle-nodes=8, vertical solver communication=0, continue to construct grid=1
 1.409549     [deadlock],rank:0 info         exahype::repositories::RepositorySTDStack::iterate(...) start iteration on global master (includes time spent in broadcast).
 1.409644     [deadlock],rank:0 info         exahype::mappings::LoadBalancing::beginIteration(..)    last level to uniformly populate with MPI ranks is 2
 1.412200     [deadlock],rank:0 info         exahype::repositories::RepositorySTDStack::iterate(...) finish iteration on global master (includes time spent performing reduction).
 1.412271     [deadlock],rank:0 info         exahype::repositories::RepositorySTDStack::iterate(...) local vertices on global master=306
 1.412300     [deadlock],rank:0 info         exahype::repositories::RepositorySTDStack::iterate(...) local cells on global master   =255
 1.412420     [deadlock],rank:0 info         exahype::State::continueToConstructGrid(...)            grid construction not yet finished. grid balanced=0, grid stationary=1, initial refinement=1, stable iterations in a row=0, all solvers attained stable state=0, max level=3
 1.412452     [deadlock],rank:0 info         exahype::runners::Runner::createGrid()                  grid setup iteration #3, max-level=3, idle-nodes=8, vertical solver communication=0, continue to construct grid=1
 1.412490     [deadlock],rank:0 info         exahype::repositories::RepositorySTDStack::iterate(...) start iteration on global master (includes time spent in broadcast).
 1.412588     [deadlock],rank:0 info         exahype::mappings::LoadBalancing::beginIteration(..)    last level to uniformly populate with MPI ranks is 2
 1.415013     [deadlock],rank:0 info         exahype::repositories::RepositorySTDStack::iterate(...) finish iteration on global master (includes time spent performing reduction).
 1.415080     [deadlock],rank:0 info         exahype::repositories::RepositorySTDStack::iterate(...) local vertices on global master=306
 1.415102     [deadlock],rank:0 info         exahype::repositories::RepositorySTDStack::iterate(...) local cells on global master   =248
 1.415223     [deadlock],rank:0 info         exahype::State::continueToConstructGrid(...)            grid construction not yet finished. grid balanced=0, grid stationary=1, initial refinement=1, stable iterations in a row=0, all solvers attained stable state=0, max level=3
 1.415246     [deadlock],rank:0 info         exahype::runners::Runner::createGrid()                  grid setup iteration #4, max-level=3, idle-nodes=8, vertical solver communication=0, continue to construct grid=1
 1.415283     [deadlock],rank:0 info         exahype::repositories::RepositorySTDStack::iterate(...) start iteration on global master (includes time spent in broadcast).
 1.415378     [deadlock],rank:0 info         exahype::mappings::LoadBalancing::beginIteration(..)    last level to uniformly populate with MPI ranks is 2
 1.419057     [deadlock],rank:0 info         exahype::repositories::RepositorySTDStack::iterate(...) finish iteration on global master (includes time spent performing reduction).
 1.419091     [deadlock],rank:0 info         exahype::repositories::RepositorySTDStack::iterate(...) local vertices on global master=306
 1.419112     [deadlock],rank:0 info         exahype::repositories::RepositorySTDStack::iterate(...) local cells on global master   =248
 1.419207     [deadlock],rank:0 info         exahype::State::continueToConstructGrid(...)            grid construction not yet finished. grid balanced=0, grid stationary=1, initial refinement=1, stable iterations in a row=0, all solvers attained stable state=0, max level=3
 1.419289     [deadlock],rank:0 info         exahype::runners::Runner::createGrid()                  grid setup iteration #5, max-level=3, idle-nodes=0, vertical solver communication=0, continue to construct grid=1
 1.419358     [deadlock],rank:0 info         exahype::repositories::RepositorySTDStack::iterate(...) start iteration on global master (includes time spent in broadcast).
 1.419418     [deadlock],rank:0 info         exahype::mappings::LoadBalancing::beginIteration(..)    last level to uniformly populate with MPI ranks is 2
 1.459684     [deadlock],rank:0 info         exahype::repositories::RepositorySTDStack::iterate(...) finish iteration on global master (includes time spent performing reduction).
 1.459925     [deadlock],rank:0 info         exahype::repositories::RepositorySTDStack::iterate(...) local vertices on global master=306
 1.459990     [deadlock],rank:0 info         exahype::repositories::RepositorySTDStack::iterate(...) local cells on global master   =248
 1.460253     [deadlock],rank:0 info         exahype::State::continueToConstructGrid(...)            grid construction not yet finished. grid balanced=0, grid stationary=1, initial refinement=1, stable iterations in a row=0, all solvers attained stable state=0, max level=3
 1.460317     [deadlock],rank:0 info         exahype::runners::Runner::createGrid()                  grid setup iteration #6, max-level=3, idle-nodes=0, vertical solver communication=0, continue to construct grid=1
 1.460432     [deadlock],rank:0 info         exahype::repositories::RepositorySTDStack::iterate(...) start iteration on global master (includes time spent in broadcast).
 1.460507     [deadlock],rank:0 info         exahype::mappings::LoadBalancing::beginIteration(..)    last level to uniformly populate with MPI ranks is 2
 1.473076     [deadlock],rank:0 info         exahype::repositories::RepositorySTDStack::iterate(...) finish iteration on global master (includes time spent performing reduction).
 1.473303     [deadlock],rank:0 info         exahype::repositories::RepositorySTDStack::iterate(...) local vertices on global master=306
 1.473360     [deadlock],rank:0 info         exahype::repositories::RepositorySTDStack::iterate(...) local cells on global master   =248
 1.473511     [deadlock],rank:0 info         exahype::State::continueToConstructGrid(...)            grid construction not yet finished. grid balanced=0, grid stationary=1, initial refinement=1, stable iterations in a row=0, all solvers attained stable state=0, max level=3
 1.473573     [deadlock],rank:0 info         exahype::runners::Runner::createGrid()                  grid setup iteration #7, max-level=3, idle-nodes=0, vertical solver communication=0, continue to construct grid=1
 1.473663     [deadlock],rank:0 info         exahype::repositories::RepositorySTDStack::iterate(...) start iteration on global master (includes time spent in broadcast).
 1.473733     [deadlock],rank:0 info         exahype::mappings::LoadBalancing::beginIteration(..)    last level to uniformly populate with MPI ranks is 2
 1.476620     [deadlock],rank:0 info         exahype::repositories::RepositorySTDStack::iterate(...) finish iteration on global master (includes time spent performing reduction).
 1.476738     [deadlock],rank:0 info         exahype::repositories::RepositorySTDStack::iterate(...) local vertices on global master=297
 1.476795     [deadlock],rank:0 info         exahype::repositories::RepositorySTDStack::iterate(...) local cells on global master   =239
 1.476928     [deadlock],rank:0 info         exahype::State::continueToConstructGrid(...)            grid construction not yet finished. grid balanced=0, grid stationary=1, initial refinement=1, stable iterations in a row=0, all solvers attained stable state=0, max level=3
 1.476991     [deadlock],rank:0 info         exahype::runners::Runner::createGrid()                  grid setup iteration #8, max-level=3, idle-nodes=0, vertical solver communication=0, continue to construct grid=1
 1.477074     [deadlock],rank:0 info         exahype::repositories::RepositorySTDStack::iterate(...) start iteration on global master (includes time spent in broadcast).
 1.477144     [deadlock],rank:0 info         exahype::mappings::LoadBalancing::beginIteration(..)    last level to uniformly populate with MPI ranks is 2
 1.479837     [deadlock],rank:0 info         exahype::repositories::RepositorySTDStack::iterate(...) finish iteration on global master (includes time spent performing reduction).
 1.479941     [deadlock],rank:0 info         exahype::repositories::RepositorySTDStack::iterate(...) local vertices on global master=297
 1.479995     [deadlock],rank:0 info         exahype::repositories::RepositorySTDStack::iterate(...) local cells on global master   =239
 1.480124     [deadlock],rank:0 info         exahype::State::continueToConstructGrid(...)            grid construction not yet finished. grid balanced=1, grid stationary=1, initial refinement=1, stable iterations in a row=0, all solvers attained stable state=0, max level=3
 1.480184     [deadlock],rank:0 info         exahype::runners::Runner::createGrid()                  grid setup iteration #9, max-level=3, idle-nodes=0, vertical solver communication=0, continue to construct grid=1
 1.480258     [deadlock],rank:0 info         exahype::repositories::RepositorySTDStack::iterate(...) start iteration on global master (includes time spent in broadcast).
 1.480323     [deadlock],rank:0 info         exahype::mappings::LoadBalancing::beginIteration(..)    last level to uniformly populate with MPI ranks is 2
 1.483073     [deadlock],rank:0 info         exahype::repositories::RepositorySTDStack::iterate(...) finish iteration on global master (includes time spent performing reduction).
 1.483190     [deadlock],rank:0 info         exahype::repositories::RepositorySTDStack::iterate(...) local vertices on global master=297
 1.483250     [deadlock],rank:0 info         exahype::repositories::RepositorySTDStack::iterate(...) local cells on global master   =239
 1.483383     [deadlock],rank:0 info         exahype::State::continueToConstructGrid(...)            grid construction not yet finished. grid balanced=0, grid stationary=0, initial refinement=1, stable iterations in a row=0, all solvers attained stable state=0, max level=3
 1.483439     [deadlock],rank:0 info         exahype::runners::Runner::createGrid()                  grid setup iteration #10, max-level=3, idle-nodes=0, vertical solver communication=0, continue to construct grid=1
 1.483512     [deadlock],rank:0 info         exahype::repositories::RepositorySTDStack::iterate(...) start iteration on global master (includes time spent in broadcast).
 1.483582     [deadlock],rank:0 info         exahype::mappings::LoadBalancing::beginIteration(..)    last level to uniformly populate with MPI ranks is 2
 1.487276     [deadlock],rank:0 info         exahype::repositories::RepositorySTDStack::iterate(...) finish iteration on global master (includes time spent performing reduction).
 1.487395     [deadlock],rank:0 info         exahype::repositories::RepositorySTDStack::iterate(...) local vertices on global master=297
 1.487448     [deadlock],rank:0 info         exahype::repositories::RepositorySTDStack::iterate(...) local cells on global master   =239
 1.487571     [deadlock],rank:0 info         exahype::State::continueToConstructGrid(...)            grid construction not yet finished. grid balanced=0, grid stationary=0, initial refinement=1, stable iterations in a row=1, all solvers attained stable state=1, max level=4
 1.487627     [deadlock],rank:0 info         exahype::runners::Runner::createGrid()                  grid setup iteration #11, max-level=4, idle-nodes=0, vertical solver communication=0, continue to construct grid=1
 1.487710     [deadlock],rank:0 info         exahype::repositories::RepositorySTDStack::iterate(...) start iteration on global master (includes time spent in broadcast).
 1.487778     [deadlock],rank:0 info         exahype::mappings::LoadBalancing::beginIteration(..)    last level to uniformly populate with MPI ranks is 2
 1.492039     [deadlock],rank:0 info         exahype::repositories::RepositorySTDStack::iterate(...) finish iteration on global master (includes time spent performing reduction).
 1.492153     [deadlock],rank:0 info         exahype::repositories::RepositorySTDStack::iterate(...) local vertices on global master=297
 1.492218     [deadlock],rank:0 info         exahype::repositories::RepositorySTDStack::iterate(...) local cells on global master   =239
 1.492368     [deadlock],rank:0 info         exahype::State::continueToConstructGrid(...)            grid construction not yet finished. grid balanced=1, grid stationary=1, initial refinement=1, stable iterations in a row=2, all solvers attained stable state=1, max level=4
 1.492429     [deadlock],rank:0 info         exahype::runners::Runner::createGrid()                  grid setup iteration #12, max-level=4, idle-nodes=0, vertical solver communication=0, continue to construct grid=1
 1.492484     [deadlock],rank:0 info         exahype::runners::Runner::runAsMaster(...)              finished building up uniform base mesh
 1.492614     [deadlock],rank:0 info         exahype::State::continueToConstructGrid(...)            grid construction not yet finished. grid balanced=1, grid stationary=1, initial refinement=1, stable iterations in a row=0, all solvers attained stable state=0, max level=4
 1.492692     [deadlock],rank:0 info         exahype::repositories::RepositorySTDStack::iterate(...) start iteration on global master (includes time spent in broadcast).
 1.492758     [deadlock],rank:0 info         exahype::mappings::LoadBalancing::beginIteration(..)    last level to uniformly populate with MPI ranks is 2
 1.497863     [deadlock],rank:0 info         exahype::repositories::RepositorySTDStack::iterate(...) finish iteration on global master (includes time spent performing reduction).
 1.498064     [deadlock],rank:0 info         exahype::repositories::RepositorySTDStack::iterate(...) local vertices on global master=297
 1.498122     [deadlock],rank:0 info         exahype::repositories::RepositorySTDStack::iterate(...) local cells on global master   =239
 1.498273     [deadlock],rank:0 info         exahype::State::continueToConstructGrid(...)            grid construction not yet finished. grid balanced=1, grid stationary=1, initial refinement=1, stable iterations in a row=0, all solvers attained stable state=0, max level=4
 1.498332     [deadlock],rank:0 info         exahype::runners::Runner::createGrid()                  grid setup iteration #13, max-level=4, idle-nodes=0, vertical solver communication=0, continue to construct grid=1
 1.498382     [deadlock],rank:0 info         exahype::State::continueToConstructGrid(...)            grid construction not yet finished. grid balanced=1, grid stationary=1, initial refinement=1, stable iterations in a row=0, all solvers attained stable state=0, max level=4
 1.498473     [deadlock],rank:0 info         exahype::repositories::RepositorySTDStack::iterate(...) start iteration on global master (includes time spent in broadcast).
 1.498545     [deadlock],rank:0 info         exahype::mappings::LoadBalancing::beginIteration(..)    last level to uniformly populate with MPI ranks is 2
 1.548008     [deadlock],rank:0 info         exahype::repositories::RepositorySTDStack::iterate(...) finish iteration on global master (includes time spent performing reduction).
 1.548147     [deadlock],rank:0 info         exahype::repositories::RepositorySTDStack::iterate(...) local vertices on global master=297
 1.548197     [deadlock],rank:0 info         exahype::repositories::RepositorySTDStack::iterate(...) local cells on global master   =239
 1.548321     [deadlock],rank:0 info         exahype::State::continueToConstructGrid(...)            grid construction not yet finished. grid balanced=0, grid stationary=0, initial refinement=1, stable iterations in a row=0, all solvers attained stable state=0, max level=4
 1.548371     [deadlock],rank:0 info         exahype::runners::Runner::createGrid()                  grid setup iteration #14, max-level=4, idle-nodes=0, vertical solver communication=0, continue to construct grid=1
 1.548421     [deadlock],rank:0 info         exahype::State::continueToConstructGrid(...)            grid construction not yet finished. grid balanced=0, grid stationary=0, initial refinement=1, stable iterations in a row=0, all solvers attained stable state=0, max level=4
 1.548493     [deadlock],rank:0 info         exahype::repositories::RepositorySTDStack::iterate(...) start iteration on global master (includes time spent in broadcast).
 1.548558     [deadlock],rank:0 info         exahype::mappings::LoadBalancing::beginIteration(..)    last level to uniformly populate with MPI ranks is 2
 1.601537     [deadlock],rank:0 info         exahype::repositories::RepositorySTDStack::iterate(...) finish iteration on global master (includes time spent performing reduction).
 1.601678     [deadlock],rank:0 info         exahype::repositories::RepositorySTDStack::iterate(...) local vertices on global master=297
 1.601741     [deadlock],rank:0 info         exahype::repositories::RepositorySTDStack::iterate(...) local cells on global master   =239
 1.601870     [deadlock],rank:0 info         exahype::State::continueToConstructGrid(...)            grid construction not yet finished. grid balanced=0, grid stationary=0, initial refinement=1, stable iterations in a row=0, all solvers attained stable state=0, max level=5
 1.601926     [deadlock],rank:0 info         exahype::runners::Runner::createGrid()                  grid setup iteration #15, max-level=5, idle-nodes=0, vertical solver communication=0, continue to construct grid=1
 1.601995     [deadlock],rank:0 info         exahype::State::continueToConstructGrid(...)            grid construction not yet finished. grid balanced=0, grid stationary=0, initial refinement=1, stable iterations in a row=0, all solvers attained stable state=0, max level=5
 1.602067     [deadlock],rank:0 info         exahype::repositories::RepositorySTDStack::iterate(...) start iteration on global master (includes time spent in broadcast).
 1.602138     [deadlock],rank:0 info         exahype::mappings::LoadBalancing::beginIteration(..)    last level to uniformly populate with MPI ranks is 2
 1.610277     [deadlock],rank:0 info         exahype::repositories::RepositorySTDStack::iterate(...) finish iteration on global master (includes time spent performing reduction).
 1.610402     [deadlock],rank:0 info         exahype::repositories::RepositorySTDStack::iterate(...) local vertices on global master=297
 1.610457     [deadlock],rank:0 info         exahype::repositories::RepositorySTDStack::iterate(...) local cells on global master   =239
 1.610649     [deadlock],rank:0 info         exahype::State::continueToConstructGrid(...)            grid construction not yet finished. grid balanced=0, grid stationary=0, initial refinement=1, stable iterations in a row=0, all solvers attained stable state=0, max level=5
 1.610712     [deadlock],rank:0 info         exahype::runners::Runner::createGrid()                  grid setup iteration #16, max-level=5, idle-nodes=0, vertical solver communication=0, continue to construct grid=1
 1.610761     [deadlock],rank:0 info         exahype::State::continueToConstructGrid(...)            grid construction not yet finished. grid balanced=0, grid stationary=0, initial refinement=1, stable iterations in a row=0, all solvers attained stable state=0, max level=5
 1.610844     [deadlock],rank:0 info         exahype::repositories::RepositorySTDStack::iterate(...) start iteration on global master (includes time spent in broadcast).
 1.610918     [deadlock],rank:0 info         exahype::mappings::LoadBalancing::beginIteration(..)    last level to uniformly populate with MPI ranks is 2
 1.620126     [deadlock],rank:0 info         exahype::repositories::RepositorySTDStack::iterate(...) finish iteration on global master (includes time spent performing reduction).
 1.620310     [deadlock],rank:0 info         exahype::repositories::RepositorySTDStack::iterate(...) local vertices on global master=297
 1.620419     [deadlock],rank:0 info         exahype::repositories::RepositorySTDStack::iterate(...) local cells on global master   =239
 1.620573     [deadlock],rank:0 info         exahype::State::continueToConstructGrid(...)            grid construction not yet finished. grid balanced=0, grid stationary=0, initial refinement=1, stable iterations in a row=0, all solvers attained stable state=0, max level=5
 1.620633     [deadlock],rank:0 info         exahype::runners::Runner::createGrid()                  grid setup iteration #17, max-level=5, idle-nodes=0, vertical solver communication=0, continue to construct grid=1
 1.620685     [deadlock],rank:0 info         exahype::State::continueToConstructGrid(...)            grid construction not yet finished. grid balanced=0, grid stationary=0, initial refinement=1, stable iterations in a row=0, all solvers attained stable state=0, max level=5
 1.620779     [deadlock],rank:0 info         exahype::repositories::RepositorySTDStack::iterate(...) start iteration on global master (includes time spent in broadcast).
 1.620848     [deadlock],rank:0 info         exahype::mappings::LoadBalancing::beginIteration(..)    last level to uniformly populate with MPI ranks is 2
 1.638105     [deadlock],rank:0 info         exahype::repositories::RepositorySTDStack::iterate(...) finish iteration on global master (includes time spent performing reduction).
 1.638277     [deadlock],rank:0 info         exahype::repositories::RepositorySTDStack::iterate(...) local vertices on global master=297
 1.638332     [deadlock],rank:0 info         exahype::repositories::RepositorySTDStack::iterate(...) local cells on global master   =239
 1.638485     [deadlock],rank:0 info         exahype::State::continueToConstructGrid(...)            grid construction not yet finished. grid balanced=0, grid stationary=0, initial refinement=1, stable iterations in a row=0, all solvers attained stable state=0, max level=5
 1.638538     [deadlock],rank:0 info         exahype::runners::Runner::createGrid()                  grid setup iteration #18, max-level=5, idle-nodes=0, vertical solver communication=0, continue to construct grid=1
 1.638583     [deadlock],rank:0 info         exahype::State::continueToConstructGrid(...)            grid construction not yet finished. grid balanced=0, grid stationary=0, initial refinement=1, stable iterations in a row=0, all solvers attained stable state=0, max level=5
 1.638649     [deadlock],rank:0 info         exahype::repositories::RepositorySTDStack::iterate(...) start iteration on global master (includes time spent in broadcast).
 1.638714     [deadlock],rank:0 info         exahype::mappings::LoadBalancing::beginIteration(..)    last level to uniformly populate with MPI ranks is 2
 1.732579     [deadlock],rank:0 info         exahype::repositories::RepositorySTDStack::iterate(...) finish iteration on global master (includes time spent performing reduction).
 1.732766     [deadlock],rank:0 info         exahype::repositories::RepositorySTDStack::iterate(...) local vertices on global master=297
 1.732819     [deadlock],rank:0 info         exahype::repositories::RepositorySTDStack::iterate(...) local cells on global master   =239
 1.732979     [deadlock],rank:0 info         exahype::State::continueToConstructGrid(...)            grid construction not yet finished. grid balanced=0, grid stationary=0, initial refinement=1, stable iterations in a row=0, all solvers attained stable state=0, max level=5
 1.733039     [deadlock],rank:0 info         exahype::runners::Runner::createGrid()                  grid setup iteration #19, max-level=5, idle-nodes=0, vertical solver communication=0, continue to construct grid=1
 1.733105     [deadlock],rank:0 info         exahype::State::continueToConstructGrid(...)            grid construction not yet finished. grid balanced=0, grid stationary=0, initial refinement=1, stable iterations in a row=0, all solvers attained stable state=0, max level=5
 1.733198     [deadlock],rank:0 info         exahype::repositories::RepositorySTDStack::iterate(...) start iteration on global master (includes time spent in broadcast).
 1.733273     [deadlock],rank:0 info         exahype::mappings::LoadBalancing::beginIteration(..)    last level to uniformly populate with MPI ranks is 2
 1.745458     [deadlock],rank:0 info         exahype::repositories::RepositorySTDStack::iterate(...) finish iteration on global master (includes time spent performing reduction).
 1.745625     [deadlock],rank:0 info         exahype::repositories::RepositorySTDStack::iterate(...) local vertices on global master=297
 1.745677     [deadlock],rank:0 info         exahype::repositories::RepositorySTDStack::iterate(...) local cells on global master   =239
 1.745830     [deadlock],rank:0 info         exahype::State::continueToConstructGrid(...)            grid construction not yet finished. grid balanced=0, grid stationary=0, initial refinement=1, stable iterations in a row=0, all solvers attained stable state=0, max level=5
 1.745885     [deadlock],rank:0 info         exahype::runners::Runner::createGrid()                  grid setup iteration #20, max-level=5, idle-nodes=0, vertical solver communication=0, continue to construct grid=1
 1.745933     [deadlock],rank:0 info         exahype::State::continueToConstructGrid(...)            grid construction not yet finished. grid balanced=0, grid stationary=0, initial refinement=1, stable iterations in a row=0, all solvers attained stable state=0, max level=5
 1.746017     [deadlock],rank:0 info         exahype::repositories::RepositorySTDStack::iterate(...) start iteration on global master (includes time spent in broadcast).
 1.746086     [deadlock],rank:0 info         exahype::mappings::LoadBalancing::beginIteration(..)    last level to uniformly populate with MPI ranks is 2
 1.758178     [deadlock],rank:0 info         exahype::repositories::RepositorySTDStack::iterate(...) finish iteration on global master (includes time spent performing reduction).
 1.758307     [deadlock],rank:0 info         exahype::repositories::RepositorySTDStack::iterate(...) local vertices on global master=297
 1.758353     [deadlock],rank:0 info         exahype::repositories::RepositorySTDStack::iterate(...) local cells on global master   =239
 1.758486     [deadlock],rank:0 info         exahype::State::continueToConstructGrid(...)            grid construction not yet finished. grid balanced=0, grid stationary=0, initial refinement=1, stable iterations in a row=0, all solvers attained stable state=0, max level=5
 1.758552     [deadlock],rank:0 info         exahype::runners::Runner::createGrid()                  grid setup iteration #21, max-level=5, idle-nodes=0, vertical solver communication=0, continue to construct grid=1
 1.758612     [deadlock],rank:0 info         exahype::State::continueToConstructGrid(...)            grid construction not yet finished. grid balanced=0, grid stationary=0, initial refinement=1, stable iterations in a row=0, all solvers attained stable state=0, max level=5
 1.758702     [deadlock],rank:0 info         exahype::repositories::RepositorySTDStack::iterate(...) start iteration on global master (includes time spent in broadcast).
 1.758780     [deadlock],rank:0 info         exahype::mappings::LoadBalancing::beginIteration(..)    last level to uniformly populate with MPI ranks is 2
 1.776932     [deadlock],rank:0 info         exahype::repositories::RepositorySTDStack::iterate(...) finish iteration on global master (includes time spent performing reduction).
 1.777078     [deadlock],rank:0 info         exahype::repositories::RepositorySTDStack::iterate(...) local vertices on global master=297
 1.777130     [deadlock],rank:0 info         exahype::repositories::RepositorySTDStack::iterate(...) local cells on global master   =239
 1.777266     [deadlock],rank:0 info         exahype::State::continueToConstructGrid(...)            grid construction not yet finished. grid balanced=0, grid stationary=0, initial refinement=1, stable iterations in a row=0, all solvers attained stable state=0, max level=5
 1.777322     [deadlock],rank:0 info         exahype::runners::Runner::createGrid()                  grid setup iteration #22, max-level=5, idle-nodes=0, vertical solver communication=0, continue to construct grid=1
 1.777371     [deadlock],rank:0 info         exahype::State::continueToConstructGrid(...)            grid construction not yet finished. grid balanced=0, grid stationary=0, initial refinement=1, stable iterations in a row=0, all solvers attained stable state=0, max level=5
 1.777448     [deadlock],rank:0 info         exahype::repositories::RepositorySTDStack::iterate(...) start iteration on global master (includes time spent in broadcast).
 1.777517     [deadlock],rank:0 info         exahype::mappings::LoadBalancing::beginIteration(..)    last level to uniformly populate with MPI ranks is 2
 1.791586     [deadlock],rank:0 info         exahype::repositories::RepositorySTDStack::iterate(...) finish iteration on global master (includes time spent performing reduction).
 1.791721     [deadlock],rank:0 info         exahype::repositories::RepositorySTDStack::iterate(...) local vertices on global master=297
 1.791768     [deadlock],rank:0 info         exahype::repositories::RepositorySTDStack::iterate(...) local cells on global master   =239
 1.791898     [deadlock],rank:0 info         exahype::State::continueToConstructGrid(...)            grid construction not yet finished. grid balanced=0, grid stationary=0, initial refinement=1, stable iterations in a row=1, all solvers attained stable state=1, max level=5
